<?xml version="1.0" encoding="UTF-8"?>
<!-- Generated by org.testng.reporters.JUnitReportReporter -->
<testsuite skipped="0" hostname="Keshav-PC" name="testcase.TestLandingPage" tests="1" failures="0" timestamp="22 Jul 2018 05:40:50 GMT" time="0.215" errors="0">
  <testcase name="Testlogin" time="0.215" classname="testcase.TestLandingPage"/>
</testsuite> <!-- testcase.TestLandingPage -->
