<?xml version="1.0" encoding="UTF-8"?>
<!-- Generated by org.testng.reporters.JUnitReportReporter -->
<testsuite skipped="0" hostname="Keshav-PC" name="testcase.TestHomePage" tests="1" failures="0" timestamp="22 Jul 2018 05:40:50 GMT" time="37.483" errors="0">
  <testcase name="Testlogin" time="37.483" classname="testcase.TestHomePage"/>
</testsuite> <!-- testcase.TestHomePage -->
